[2026-05-04T01:47:48Z] === continuous-slice: phase-c-stage1-jul2025-may2026 ===
[2026-05-04T01:47:48Z]     range=2025-10-01..2025-10-31  trading_days=23
[2026-05-04T01:47:48Z]     tickers(24)=AA,AAPL,ABT,ACN,AEHR,AGQ,AGYS,ALB,ALLY,AMD,AMGN,AMZN,ANET,APD,APLD,APP,AR,ARM,ARRY,ASTS,AU,AVAV,AVGO,AWI,AXON,AXP,AYI,B,BA,BABA,BE,BG,BK,BMNR,BRK-B,BTCUSD,BWXT,CARR,CAT,CCJ,CDNS,CELH,CL1!,CLS,COIN,COST,CRM,CRS,CRWD,CRWV,CSCO,CSX,CVNA,CVX,CW,DCI,DE,DELL,DIA,DINO,DKNG,DPZ,DTM,DY,ELF,EME,EMR,ENS,ES1!,ETHA,ETHUSD,ETN,EWBC,EXEL,EXPE,FIX,FLR,FN,FSLR,GC1!,GDX,GE,GEV,GILD,GLD,GLXY,GOLD,GOOGL,GRNY,GS,H,HALO,HII,HIMS,HL,HOOD,HUBS,IAU,IBB,IBP,IESC,IGV,INFL,INTC,INTU,IONQ,IOT,IREN,ISRG,ITT,IWM,J,JCI,JD,JOBY,JPM,KLAC,KO,KTOS,KWEB,LIT,LITE,LLY,LMND,LRCX,LRN,LSCC,LULU,MCD,MDB,META,MLI,MNST,MP,MRK,MSFT,MSTR,MTB,MTZ,MU,NBIS,NEU,NFLX,NKE,NOC,NQ1!,NVDA,NXT,OKE,ON,ORCL,P,PANW,PATH,PCI,PEGA,PH,PI,PKG,PLTR,PNC,PPG,PSTG,PWR,QLYS,QQQ,QXO,RBLX,RDDT,RGLD,RIOT,RKLB,RPG,RTX,RTY1!,SANM,SATS,SGI,SHOP,SI1!,SLV,SN,SNDK,SOFI,SOXL,SPGI,SPHB,SPOT,SPX,SPY,STRL,STX,SWK,TEM,TJX,TLN,TNA,TPL,TSLA,TSM,TT,TWLO,U,UHS,ULTA,UNH,UNP,UPS,US500,USO,UTHR,UUUU,VIXY,VMI,VRTX,VST,VX1!,WAL,WDC,WFRD,WM,WMT,WTS,XHB,XLB,XLC,XLE,XLF,XLI,XLK,XLP,XLRE,XLU,XLV,XLY,XOM,XYZ,YM1!
[2026-05-04T01:47:48Z]     watchdog=600s  resume=true  block_chain=true
[2026-05-04T01:47:48Z] Resuming after last completed day 2025-09-30
[2026-05-04T01:47:49Z] Acquired replay lock: continuous_phase-c-stage1-jul2025-may2026@2026-05-04T01:47:48.828Z
[2026-05-04T01:47:49Z] >>> day 1/23  2025-10-01
[2026-05-04T01:52:11Z] day 2025-10-01 ok {"scored":3318,"trades":6,"blocked_bars":3086} (262s, batches=20)
[2026-05-04T01:52:11Z] >>> day 2/23  2025-10-02
[2026-05-04T01:56:16Z] day 2025-10-02 ok {"scored":3318,"trades":0,"blocked_bars":3123} (245s, batches=20)
[2026-05-04T01:56:16Z] >>> day 3/23  2025-10-03
[2026-05-04T02:00:10Z] day 2025-10-03 ok {"scored":3318,"trades":0,"blocked_bars":3169} (234s, batches=20)
[2026-05-04T02:00:10Z] >>> day 4/23  2025-10-06
[2026-05-04T02:04:33Z] day 2025-10-06 ok {"scored":3318,"trades":10,"blocked_bars":3099} (263s, batches=20)
[2026-05-04T02:04:33Z] >>> day 5/23  2025-10-07
[2026-05-04T02:08:52Z] day 2025-10-07 ok {"scored":3318,"trades":0,"blocked_bars":3136} (259s, batches=20)
[2026-05-04T02:08:52Z] >>> day 6/23  2025-10-08
[2026-05-04T02:13:06Z] day 2025-10-08 ok {"scored":3318,"trades":0,"blocked_bars":3188} (254s, batches=20)
[2026-05-04T02:13:06Z] >>> day 7/23  2025-10-09
[2026-05-04T02:17:32Z] day 2025-10-09 ok {"scored":3318,"trades":0,"blocked_bars":3211} (265s, batches=20)
[2026-05-04T02:17:32Z] >>> day 8/23  2025-10-10
[2026-05-04T02:21:51Z] day 2025-10-10 ok {"scored":3318,"trades":0,"blocked_bars":3249} (259s, batches=20)
[2026-05-04T02:21:51Z] >>> day 9/23  2025-10-13
[2026-05-04T02:26:03Z] day 2025-10-13 ok {"scored":3318,"trades":4,"blocked_bars":3226} (252s, batches=20)
[2026-05-04T02:26:03Z] >>> day 10/23  2025-10-14
[2026-05-04T02:30:31Z] day 2025-10-14 ok {"scored":3318,"trades":6,"blocked_bars":3202} (268s, batches=20)
[2026-05-04T02:30:31Z] >>> day 11/23  2025-10-15
[2026-05-04T02:34:49Z] day 2025-10-15 ok {"scored":3318,"trades":3,"blocked_bars":3169} (258s, batches=20)
[2026-05-04T02:34:49Z] >>> day 12/23  2025-10-16
[2026-05-04T02:39:08Z] day 2025-10-16 ok {"scored":3318,"trades":0,"blocked_bars":3171} (259s, batches=20)
[2026-05-04T02:39:08Z] >>> day 13/23  2025-10-17
[2026-05-04T02:43:30Z] day 2025-10-17 ok {"scored":3318,"trades":0,"blocked_bars":3278} (262s, batches=20)
[2026-05-04T02:43:30Z] >>> day 14/23  2025-10-20
[2026-05-04T02:47:40Z] day 2025-10-20 ok {"scored":3318,"trades":6,"blocked_bars":3234} (249s, batches=20)
[2026-05-04T02:47:40Z] >>> day 15/23  2025-10-21
[2026-05-04T02:51:50Z] day 2025-10-21 ok {"scored":3318,"trades":0,"blocked_bars":3246} (250s, batches=20)
[2026-05-04T02:51:50Z] >>> day 16/23  2025-10-22
[2026-05-04T02:55:55Z] day 2025-10-22 ok {"scored":3318,"trades":0,"blocked_bars":3291} (244s, batches=20)
[2026-05-04T02:55:55Z] >>> day 17/23  2025-10-23
[2026-05-04T02:59:47Z] day 2025-10-23 ok {"scored":3318,"trades":5,"blocked_bars":3276} (232s, batches=20)
[2026-05-04T02:59:47Z] >>> day 18/23  2025-10-24
[2026-05-04T03:03:55Z] day 2025-10-24 ok {"scored":3318,"trades":0,"blocked_bars":3236} (248s, batches=20)
[2026-05-04T03:03:55Z] >>> day 19/23  2025-10-27
[2026-05-04T03:08:12Z] day 2025-10-27 ok {"scored":3318,"trades":0,"blocked_bars":3264} (257s, batches=20)
[2026-05-04T03:08:12Z] >>> day 20/23  2025-10-28
[2026-05-04T03:12:17Z] day 2025-10-28 ok {"scored":3318,"trades":0,"blocked_bars":3288} (245s, batches=20)
[2026-05-04T03:12:17Z] >>> day 21/23  2025-10-29
[2026-05-04T03:16:31Z] day 2025-10-29 ok {"scored":3318,"trades":5,"blocked_bars":3238} (254s, batches=20)
[2026-05-04T03:16:31Z] >>> day 22/23  2025-10-30
[2026-05-04T03:20:37Z] day 2025-10-30 ok {"scored":3318,"trades":0,"blocked_bars":3274} (246s, batches=20)
[2026-05-04T03:20:37Z] >>> day 23/23  2025-10-31
[2026-05-04T03:24:29Z] day 2025-10-31 ok {"scored":3318,"trades":0,"blocked_bars":3294} (232s, batches=20)
[2026-05-04T03:24:29Z] === All 23 trading days processed; finalizing ===
[2026-05-04T03:24:29Z] Skipping finalize (--no-finalize set). Open positions preserved for the next leg.
[2026-05-04T03:24:29Z] Saved 275 trades to /workspace/data/trade-analysis/phase-c-stage1-jul2025-may2026/trades.json (run remains 'running')
[2026-05-04T03:24:29Z] === continuous-slice complete: phase-c-stage1-jul2025-may2026 ===
[2026-05-04T03:24:30Z] Released replay lock
